[2021-07-03 10:42:31.234] [exthost] [info] extension host started
[2021-07-03 10:42:31.437] [exthost] [info] ExtensionService#_doActivateExtension vscode.debug-auto-launch {"startup":true,"extensionId":{"value":"vscode.debug-auto-launch","_lower":"vscode.debug-auto-launch"},"activationEvent":"*"}
[2021-07-03 10:42:31.438] [exthost] [info] ExtensionService#loadCommonJSModule file:///usr/lib/code/extensions/debug-auto-launch/dist/extension
[2021-07-03 10:42:31.444] [exthost] [info] ExtensionService#_doActivateExtension vscode.git {"startup":true,"extensionId":{"value":"vscode.github","_lower":"vscode.github"},"activationEvent":"*"}
[2021-07-03 10:42:31.444] [exthost] [info] ExtensionService#loadCommonJSModule file:///usr/lib/code/extensions/git/dist/main
[2021-07-03 10:42:31.499] [exthost] [info] ExtensionService#_doActivateExtension ecmel.vscode-html-css {"startup":true,"extensionId":{"value":"ecmel.vscode-html-css","_lower":"ecmel.vscode-html-css"},"activationEvent":"*"}
[2021-07-03 10:42:31.499] [exthost] [info] ExtensionService#loadCommonJSModule file:///home/coco/.vscode-oss/extensions/ecmel.vscode-html-css-1.9.1/dist/extension.js
[2021-07-03 10:42:31.546] [exthost] [info] ExtensionService#_doActivateExtension kisstkondoros.vscode-gutter-preview {"startup":true,"extensionId":{"value":"kisstkondoros.vscode-gutter-preview","_lower":"kisstkondoros.vscode-gutter-preview"},"activationEvent":"*"}
[2021-07-03 10:42:31.546] [exthost] [info] ExtensionService#loadCommonJSModule file:///home/coco/.vscode-oss/extensions/kisstkondoros.vscode-gutter-preview-0.27.1/dist/extension
[2021-07-03 10:42:31.622] [exthost] [info] ExtensionService#_doActivateExtension PKief.material-icon-theme {"startup":true,"extensionId":{"value":"PKief.material-icon-theme","_lower":"pkief.material-icon-theme"},"activationEvent":"*"}
[2021-07-03 10:42:31.622] [exthost] [info] ExtensionService#loadCommonJSModule file:///home/coco/.vscode-oss/extensions/pkief.material-icon-theme-4.7.0/dist/extension
[2021-07-03 10:42:31.625] [exthost] [info] ExtensionService#_doActivateExtension TabNine.tabnine-vscode {"startup":true,"extensionId":{"value":"TabNine.tabnine-vscode","_lower":"tabnine.tabnine-vscode"},"activationEvent":"*"}
[2021-07-03 10:42:31.625] [exthost] [info] ExtensionService#loadCommonJSModule file:///home/coco/.vscode-oss/extensions/tabnine.tabnine-vscode-3.4.12/out/extension
[2021-07-03 10:42:32.115] [exthost] [error] Activating extension kisstkondoros.vscode-gutter-preview failed due to an error:
[2021-07-03 10:42:32.119] [exthost] [error] TypeError: Cannot read property 'fsPath' of undefined
	at t.activate (/home/coco/.vscode-oss/extensions/kisstkondoros.vscode-gutter-preview-0.27.1/dist/extension.js:1:62877)
	at Function._callActivateOptional (/usr/lib/code/out/vs/workbench/services/extensions/node/extensionHostProcess.js:92:14813)
	at Function._callActivate (/usr/lib/code/out/vs/workbench/services/extensions/node/extensionHostProcess.js:92:14486)
	at /usr/lib/code/out/vs/workbench/services/extensions/node/extensionHostProcess.js:92:12643
	at processTicksAndRejections (internal/process/task_queues.js:93:5)
	at async Promise.all (index 3)
	at async Promise.all (index 0)
[2021-07-03 10:42:32.915] [exthost] [info] extension host terminating: received terminate message from renderer
[2021-07-03 10:42:35.430] [exthost] [info] exiting with code 0
