[2021-07-04 04:12:54.219] [exthost] [info] extension host started
[2021-07-04 04:12:54.448] [exthost] [info] ExtensionService#_doActivateExtension vscode.debug-auto-launch {"startup":true,"extensionId":{"value":"vscode.debug-auto-launch","_lower":"vscode.debug-auto-launch"},"activationEvent":"*"}
[2021-07-04 04:12:54.449] [exthost] [info] ExtensionService#loadCommonJSModule file:///usr/lib/code/extensions/debug-auto-launch/dist/extension
[2021-07-04 04:12:54.512] [exthost] [info] ExtensionService#_doActivateExtension vscode.git {"startup":true,"extensionId":{"value":"vscode.github","_lower":"vscode.github"},"activationEvent":"*"}
[2021-07-04 04:12:54.512] [exthost] [info] ExtensionService#loadCommonJSModule file:///usr/lib/code/extensions/git/dist/main
[2021-07-04 04:12:54.651] [exthost] [info] ExtensionService#_doActivateExtension ecmel.vscode-html-css {"startup":true,"extensionId":{"value":"ecmel.vscode-html-css","_lower":"ecmel.vscode-html-css"},"activationEvent":"*"}
[2021-07-04 04:12:54.651] [exthost] [info] ExtensionService#loadCommonJSModule file:///home/coco/.vscode-oss/extensions/ecmel.vscode-html-css-1.9.1/dist/extension.js
[2021-07-04 04:12:54.855] [exthost] [info] ExtensionService#_doActivateExtension kisstkondoros.vscode-gutter-preview {"startup":true,"extensionId":{"value":"kisstkondoros.vscode-gutter-preview","_lower":"kisstkondoros.vscode-gutter-preview"},"activationEvent":"*"}
[2021-07-04 04:12:54.855] [exthost] [info] ExtensionService#loadCommonJSModule file:///home/coco/.vscode-oss/extensions/kisstkondoros.vscode-gutter-preview-0.27.1/dist/extension
[2021-07-04 04:12:55.032] [exthost] [info] ExtensionService#_doActivateExtension PKief.material-icon-theme {"startup":true,"extensionId":{"value":"PKief.material-icon-theme","_lower":"pkief.material-icon-theme"},"activationEvent":"*"}
[2021-07-04 04:12:55.032] [exthost] [info] ExtensionService#loadCommonJSModule file:///home/coco/.vscode-oss/extensions/pkief.material-icon-theme-4.7.0/dist/extension
[2021-07-04 04:12:55.081] [exthost] [info] ExtensionService#_doActivateExtension TabNine.tabnine-vscode {"startup":true,"extensionId":{"value":"TabNine.tabnine-vscode","_lower":"tabnine.tabnine-vscode"},"activationEvent":"*"}
[2021-07-04 04:12:55.082] [exthost] [info] ExtensionService#loadCommonJSModule file:///home/coco/.vscode-oss/extensions/tabnine.tabnine-vscode-3.4.12/out/extension
[2021-07-04 04:12:55.270] [exthost] [error] Activating extension kisstkondoros.vscode-gutter-preview failed due to an error:
[2021-07-04 04:12:55.271] [exthost] [error] TypeError: Cannot read property 'fsPath' of undefined
	at t.activate (/home/coco/.vscode-oss/extensions/kisstkondoros.vscode-gutter-preview-0.27.1/dist/extension.js:1:62877)
	at Function._callActivateOptional (/usr/lib/code/out/vs/workbench/services/extensions/node/extensionHostProcess.js:92:14813)
	at Function._callActivate (/usr/lib/code/out/vs/workbench/services/extensions/node/extensionHostProcess.js:92:14486)
	at /usr/lib/code/out/vs/workbench/services/extensions/node/extensionHostProcess.js:92:12643
	at processTicksAndRejections (internal/process/task_queues.js:93:5)
	at async Promise.all (index 3)
	at async Promise.all (index 0)
[2021-07-04 04:12:55.860] [exthost] [info] ExtensionService#_doActivateExtension vscode.github {"startup":true,"extensionId":{"value":"vscode.github","_lower":"vscode.github"},"activationEvent":"*"}
[2021-07-04 04:12:55.861] [exthost] [info] ExtensionService#loadCommonJSModule file:///usr/lib/code/extensions/github/dist/extension.js
[2021-07-04 04:12:56.214] [exthost] [info] ExtensionService#_doActivateExtension vscode.configuration-editing {"startup":false,"extensionId":{"value":"vscode.configuration-editing","_lower":"vscode.configuration-editing"},"activationEvent":"onLanguage:jsonc"}
[2021-07-04 04:12:56.214] [exthost] [info] ExtensionService#loadCommonJSModule file:///usr/lib/code/extensions/configuration-editing/dist/configurationEditingMain
[2021-07-04 04:12:56.473] [exthost] [info] ExtensionService#_doActivateExtension vscode.json-language-features {"startup":false,"extensionId":{"value":"vscode.json-language-features","_lower":"vscode.json-language-features"},"activationEvent":"onLanguage:jsonc"}
[2021-07-04 04:12:56.473] [exthost] [info] ExtensionService#loadCommonJSModule file:///usr/lib/code/extensions/json-language-features/client/dist/node/jsonClientMain
[2021-07-04 04:12:56.772] [exthost] [info] ExtensionService#_doActivateExtension vscode.typescript-language-features {"startup":false,"extensionId":{"value":"vscode.typescript-language-features","_lower":"vscode.typescript-language-features"},"activationEvent":"onLanguage:jsonc"}
[2021-07-04 04:12:56.772] [exthost] [info] ExtensionService#loadCommonJSModule file:///usr/lib/code/extensions/typescript-language-features/dist/extension
[2021-07-04 04:12:57.152] [exthost] [info] ExtensionService#_doActivateExtension ms-vscode.js-debug {"startup":false,"extensionId":{"value":"ms-vscode.js-debug","_lower":"ms-vscode.js-debug"},"activationEvent":"onCommand:extension.js-debug.clearAutoAttachVariables"}
[2021-07-04 04:12:57.156] [exthost] [info] ExtensionService#loadCommonJSModule file:///usr/lib/code/extensions/ms-vscode.js-debug/src/extension.js
[2021-07-04 04:12:57.926] [exthost] [info] eager extensions activated
[2021-07-04 04:12:57.947] [exthost] [info] ExtensionService#_doActivateExtension vscode.emmet {"startup":false,"extensionId":{"value":"vscode.emmet","_lower":"vscode.emmet"},"activationEvent":"onStartupFinished"}
[2021-07-04 04:12:57.947] [exthost] [info] ExtensionService#loadCommonJSModule file:///usr/lib/code/extensions/emmet/dist/node/emmetNodeMain
[2021-07-04 04:12:58.034] [exthost] [info] ExtensionService#_doActivateExtension vscode.merge-conflict {"startup":false,"extensionId":{"value":"vscode.merge-conflict","_lower":"vscode.merge-conflict"},"activationEvent":"onStartupFinished"}
[2021-07-04 04:12:58.034] [exthost] [info] ExtensionService#loadCommonJSModule file:///usr/lib/code/extensions/merge-conflict/dist/mergeConflictMain
[2021-07-04 04:12:58.091] [exthost] [info] ExtensionService#_doActivateExtension vscode.testing-editor-contributions {"startup":false,"extensionId":{"value":"vscode.testing-editor-contributions","_lower":"vscode.testing-editor-contributions"},"activationEvent":"onStartupFinished"}
[2021-07-04 04:12:58.091] [exthost] [info] ExtensionService#loadCommonJSModule file:///usr/lib/code/extensions/testing-editor-contributions/dist/extension.js
[2021-07-04 04:26:29.692] [exthost] [info] extension host terminating: received terminate message from renderer
[2021-07-04 04:26:30.813] [exthost] [info] exiting with code 0
