00:00:03.354928 VirtualBox GUI VM Selector Window 6.1.22 r144080 linux.amd64 (May 11 2021 19:59:25) release log
00:00:03.354933 Log opened 2021-06-09T14:56:57.615345000Z
00:00:03.354935 Build Type: release
00:00:03.354941 OS Product: Linux
00:00:03.354945 OS Release: 5.12.9-arch1-1
00:00:03.354949 OS Version: #1 SMP PREEMPT Thu, 03 Jun 2021 11:36:13 +0000
00:00:03.355007 DMI Product Name: X441NA
00:00:03.355038 DMI Product Version: 1.0       
00:00:03.355053 Firmware type: UEFI
00:00:03.356663 Secure Boot: Disabled
00:00:03.356815 Host RAM: 3792MB (3.7GB) total, 3404MB (3.3GB) available
00:00:03.356824 Executable: /usr/lib/virtualbox/VirtualBox
00:00:03.356826 Process ID: 33080
00:00:03.356828 Package type: LINUX_64BITS_GENERIC (OSE)
00:00:03.356946 Qt version: 5.15.2
00:00:03.776871 GUI: UIMediumEnumerator: Medium-enumeration started...
00:00:07.509984 GUI: UIDesktopWidgetWatchdog::sltHandleHostScreenAvailableGeometryCalculated: Screen 0 work area is actually resized to: 0x24 x 1366x744
00:00:07.562415 GUI: UIMediumEnumerator: Medium-enumeration finished!
00:01:09.460558 GUI: UIMediumEnumerator: Medium-enumeration finished!
00:19:29.835421 GUI: UIMediumEnumerator: Medium-enumeration finished!
